##########################################
combine -M AsymptoticLimits ../Datacard_mu_2_ch.root --run blind --redefineSignalPOIs r_cH --setParameters r_cH=1.,r_SM=1.  --freezeParameters MH,r_SM
 <<< Combine >>> 
>>> random number generator seed is 123456
Will use a-priori expected background instead of a-posteriori one.
>>> method used is AsymptoticLimits
ModelConfig 'ModelConfig' defines more than one parameter of interest. This is not supported in some statistical methods.
Set Default Value of Parameter r_cH To : 1
Set Default Value of Parameter r_SM To : 1
SimNLL created with 9 channels, 0 generic constraints, 43 fast gaussian constraints, 0 fast poisson constraints, 0 fast group constraints, 

 -- AsymptoticLimits ( CLs ) --
Expected  2.5%: r_cH < 222.5586
Expected 16.0%: r_cH < 325.8987
Expected 50.0%: r_cH < 537.5000
Expected 84.0%: r_cH < 983.1396
Expected 97.5%: r_cH < 1629.3706

Done in 4.27 min (cpu), 4.27 min (real)



###########################################
combine -M AsymptoticLimits ../Datacard_mu_2_ch.root --run blind --redefineSignalPOIs r_cH --setParameters r_cH=1.,r_SM=1.  --freezeParameters MH
 <<< Combine >>> 
>>> random number generator seed is 123456
Will use a-priori expected background instead of a-posteriori one.
>>> method used is AsymptoticLimits
ModelConfig 'ModelConfig' defines more than one parameter of interest. This is not supported in some statistical methods.
Set Default Value of Parameter r_cH To : 1
Set Default Value of Parameter r_SM To : 1
SimNLL created with 9 channels, 0 generic constraints, 43 fast gaussian constraints, 0 fast poisson constraints, 0 fast group constraints, 

 -- AsymptoticLimits ( CLs ) --
Expected  2.5%: r_cH < 279.4922
Expected 16.0%: r_cH < 405.1666
Expected 50.0%: r_cH < 662.5000
Expected 84.0%: r_cH < 1201.2137
Expected 97.5%: r_cH < 2008.2114

Done in 5.24 min (cpu), 5.30 min (real)


###########################################
combine -M AsymptoticLimits ../Datacard_mu_2_ch.root --run blind --redefineSignalPOIs r_cH,r_SM --setParameters r_cH=1.,r_SM=1.  --freezeParameters MH
 <<< Combine >>> 
>>> random number generator seed is 123456
Will use a-priori expected background instead of a-posteriori one.
>>> method used is AsymptoticLimits
ModelConfig 'ModelConfig' defines more than one parameter of interest. This is not supported in some statistical methods.
Set Default Value of Parameter r_cH To : 1
Set Default Value of Parameter r_SM To : 1
SimNLL created with 9 channels, 0 generic constraints, 43 fast gaussian constraints, 0 fast poisson constraints, 0 fast group constraints, 

 -- AsymptoticLimits ( CLs ) --
Expected  2.5%: r_cH < 279.4922
Expected 16.0%: r_cH < 405.1666
Expected 50.0%: r_cH < 662.5000
Expected 84.0%: r_cH < 1201.2137
Expected 97.5%: r_cH < 2008.2114